Arguments: 
  /usr/local/bin/node /usr/local/bin/yarn add @babel/parse @babel/traverse @babel/generator --dev

PATH: 
  /Users/Charles/bin:/usr/local/bin:/usr/local/bin:/usr/bin:/bin:/usr/sbin:/sbin:/Users/Charles/Downloads/sonar/sonar-scanner-4.2.0.1873-macosx/bin:/Users/Charles/bin

Yarn version: 
  1.16.0

Node version: 
  14.17.1

Platform: 
  darwin x64

Trace: 
  Error: http://registry.npm.taobao.org/@babel%2fparse: Not found
      at Request.params.callback [as _callback] (/usr/local/lib/node_modules/yarn/lib/cli.js:66091:18)
      at Request.self.callback (/usr/local/lib/node_modules/yarn/lib/cli.js:129590:22)
      at Request.emit (events.js:375:28)
      at Request.<anonymous> (/usr/local/lib/node_modules/yarn/lib/cli.js:130562:10)
      at Request.emit (events.js:375:28)
      at IncomingMessage.<anonymous> (/usr/local/lib/node_modules/yarn/lib/cli.js:130484:12)
      at Object.onceWrapper (events.js:481:28)
      at IncomingMessage.emit (events.js:387:35)
      at endReadableNT (internal/streams/readable.js:1317:12)
      at processTicksAndRejections (internal/process/task_queues.js:82:21)

npm manifest: 
  {
    "name": "webpack-2",
    "version": "1.0.0",
    "main": "index.js",
    "license": "MIT"
  }

yarn manifest: 
  No manifest

Lockfile: 
  No lockfile
